<?xml version="1.0" encoding="UTF-8"?>
<testng-results ignored="0" total="12" passed="7" failed="5" skipped="0">
  <reporter-output>
  </reporter-output>
  <suite started-at="2025-07-28T19:29:34Z" name="Suite" finished-at="2025-07-28T19:29:50Z" duration-ms="16390">
    <groups>
      <group name="cucumber">
        <method signature="AbstractTestNGCucumberTests.runScenario(io.cucumber.testng.PickleWrapper, io.cucumber.testng.FeatureWrapper)[pri:0, instance:com.automation.tests.CucumberRunnerTests@131276c2]" name="runScenario" class="io.cucumber.testng.AbstractTestNGCucumberTests"/>
      </group> <!-- cucumber -->
    </groups>
    <test started-at="2025-07-28T19:29:34Z" name="Test" finished-at="2025-07-28T19:29:50Z" duration-ms="16390">
      <class name="com.automation.tests.CucumberRunnerTests">
        <test-method is-config="true" signature="setUpClass(org.testng.ITestContext)[pri:0, instance:com.automation.tests.CucumberRunnerTests@131276c2]" started-at="2025-07-29T00:59:34Z" name="setUpClass" finished-at="2025-07-29T00:59:34Z" duration-ms="369" status="PASS">
          <params>
            <param index="0">
              <value>
                <![CDATA[org.testng.TestRunner@64deb58f]]>
              </value>
            </param>
          </params>
          <reporter-output>
          </reporter-output>
        </test-method> <!-- setUpClass -->
        <test-method signature="runScenario(io.cucumber.testng.PickleWrapper, io.cucumber.testng.FeatureWrapper)[pri:0, instance:com.automation.tests.CucumberRunnerTests@131276c2]" started-at="2025-07-29T00:59:34Z" name="runScenario" description="Runs Cucumber Scenarios" data-provider="scenarios" finished-at="2025-07-29T00:59:35Z" duration-ms="112" status="PASS">
          <params>
            <param index="0">
              <value>
                <![CDATA["# Enter scenario name here"]]>
              </value>
            </param>
            <param index="1">
              <value>
                <![CDATA["# Enter feature name here"]]>
              </value>
            </param>
          </params>
          <reporter-output>
          </reporter-output>
        </test-method> <!-- runScenario -->
        <test-method signature="runScenario(io.cucumber.testng.PickleWrapper, io.cucumber.testng.FeatureWrapper)[pri:0, instance:com.automation.tests.CucumberRunnerTests@131276c2]" started-at="2025-07-29T00:59:35Z" name="runScenario" description="Runs Cucumber Scenarios" data-provider="scenarios" finished-at="2025-07-29T00:59:45Z" duration-ms="10439" status="PASS">
          <params>
            <param index="0">
              <value>
                <![CDATA["Library Card Registration Working"]]>
              </value>
            </param>
            <param index="1">
              <value>
                <![CDATA["Get a Library Card"]]>
              </value>
            </param>
          </params>
          <reporter-output>
          </reporter-output>
        </test-method> <!-- runScenario -->
        <test-method signature="runScenario(io.cucumber.testng.PickleWrapper, io.cucumber.testng.FeatureWrapper)[pri:0, instance:com.automation.tests.CucumberRunnerTests@131276c2]" started-at="2025-07-29T00:59:45Z" name="runScenario" description="Runs Cucumber Scenarios" data-provider="scenarios" finished-at="2025-07-29T00:59:46Z" duration-ms="624" status="PASS">
          <params>
            <param index="0">
              <value>
                <![CDATA["Library card displayed after registration"]]>
              </value>
            </param>
            <param index="1">
              <value>
                <![CDATA["Get a Library Card"]]>
              </value>
            </param>
          </params>
          <reporter-output>
          </reporter-output>
        </test-method> <!-- runScenario -->
        <test-method signature="runScenario(io.cucumber.testng.PickleWrapper, io.cucumber.testng.FeatureWrapper)[pri:0, instance:com.automation.tests.CucumberRunnerTests@131276c2]" started-at="2025-07-29T00:59:46Z" name="runScenario" description="Runs Cucumber Scenarios" data-provider="scenarios" finished-at="2025-07-29T00:59:46Z" duration-ms="577" status="FAIL">
          <params>
            <param index="0">
              <value>
                <![CDATA["Library card first name validation"]]>
              </value>
            </param>
            <param index="1">
              <value>
                <![CDATA["Get a Library Card"]]>
              </value>
            </param>
          </params>
          <exception class="java.lang.AssertionError">
            <full-stacktrace>
              <![CDATA[java.lang.AssertionError: 
	at org.testng.AssertJUnit.fail(AssertJUnit.java:59)
	at org.testng.AssertJUnit.assertTrue(AssertJUnit.java:24)
	at org.testng.AssertJUnit.assertTrue(AssertJUnit.java:33)
	at com.automation.definitions.LibraryCardTest.firstNameErrorMessageIsDisplayed(LibraryCardTest.java:103)
	at ✽.First name error message is displayed(file:///C:/javaprojects/Tekstac-hands-on/Library-Management-Project/src/test/java/com/automation/features/LibraryCard.feature:25)
]]>
            </full-stacktrace>
          </exception> <!-- java.lang.AssertionError -->
          <reporter-output>
          </reporter-output>
        </test-method> <!-- runScenario -->
        <test-method signature="runScenario(io.cucumber.testng.PickleWrapper, io.cucumber.testng.FeatureWrapper)[pri:0, instance:com.automation.tests.CucumberRunnerTests@131276c2]" started-at="2025-07-29T00:59:46Z" name="runScenario" description="Runs Cucumber Scenarios" data-provider="scenarios" finished-at="2025-07-29T00:59:47Z" duration-ms="587" status="FAIL">
          <params>
            <param index="0">
              <value>
                <![CDATA["Library card last name validation"]]>
              </value>
            </param>
            <param index="1">
              <value>
                <![CDATA["Get a Library Card"]]>
              </value>
            </param>
          </params>
          <exception class="java.lang.AssertionError">
            <full-stacktrace>
              <![CDATA[java.lang.AssertionError: 
	at org.testng.AssertJUnit.fail(AssertJUnit.java:59)
	at org.testng.AssertJUnit.assertTrue(AssertJUnit.java:24)
	at org.testng.AssertJUnit.assertTrue(AssertJUnit.java:33)
	at com.automation.definitions.LibraryCardTest.lastNameErrorMessageIsDisplayed(LibraryCardTest.java:113)
	at ✽.Last name error message is displayed(file:///C:/javaprojects/Tekstac-hands-on/Library-Management-Project/src/test/java/com/automation/features/LibraryCard.feature:32)
]]>
            </full-stacktrace>
          </exception> <!-- java.lang.AssertionError -->
          <reporter-output>
          </reporter-output>
        </test-method> <!-- runScenario -->
        <test-method signature="runScenario(io.cucumber.testng.PickleWrapper, io.cucumber.testng.FeatureWrapper)[pri:0, instance:com.automation.tests.CucumberRunnerTests@131276c2]" started-at="2025-07-29T00:59:47Z" name="runScenario" description="Runs Cucumber Scenarios" data-provider="scenarios" finished-at="2025-07-29T00:59:47Z" duration-ms="617" status="FAIL">
          <params>
            <param index="0">
              <value>
                <![CDATA["Library card age validation"]]>
              </value>
            </param>
            <param index="1">
              <value>
                <![CDATA["Get a Library Card"]]>
              </value>
            </param>
          </params>
          <exception class="java.lang.AssertionError">
            <full-stacktrace>
              <![CDATA[java.lang.AssertionError: 
	at org.testng.AssertJUnit.fail(AssertJUnit.java:59)
	at org.testng.AssertJUnit.assertTrue(AssertJUnit.java:24)
	at org.testng.AssertJUnit.assertTrue(AssertJUnit.java:33)
	at com.automation.definitions.LibraryCardTest.ageErrorMessageIsDisplayed(LibraryCardTest.java:118)
	at ✽.Age error message is displayed(file:///C:/javaprojects/Tekstac-hands-on/Library-Management-Project/src/test/java/com/automation/features/LibraryCard.feature:39)
]]>
            </full-stacktrace>
          </exception> <!-- java.lang.AssertionError -->
          <reporter-output>
          </reporter-output>
        </test-method> <!-- runScenario -->
        <test-method signature="runScenario(io.cucumber.testng.PickleWrapper, io.cucumber.testng.FeatureWrapper)[pri:0, instance:com.automation.tests.CucumberRunnerTests@131276c2]" started-at="2025-07-29T00:59:47Z" name="runScenario" description="Runs Cucumber Scenarios" data-provider="scenarios" finished-at="2025-07-29T00:59:48Z" duration-ms="584" status="FAIL">
          <params>
            <param index="0">
              <value>
                <![CDATA["Library card email validation"]]>
              </value>
            </param>
            <param index="1">
              <value>
                <![CDATA["Get a Library Card"]]>
              </value>
            </param>
          </params>
          <exception class="java.lang.AssertionError">
            <full-stacktrace>
              <![CDATA[java.lang.AssertionError: 
	at org.testng.AssertJUnit.fail(AssertJUnit.java:59)
	at org.testng.AssertJUnit.assertTrue(AssertJUnit.java:24)
	at org.testng.AssertJUnit.assertTrue(AssertJUnit.java:33)
	at com.automation.definitions.LibraryCardTest.emailErrorMessageIsDisplayed(LibraryCardTest.java:123)
	at ✽.Email error message is displayed(file:///C:/javaprojects/Tekstac-hands-on/Library-Management-Project/src/test/java/com/automation/features/LibraryCard.feature:46)
]]>
            </full-stacktrace>
          </exception> <!-- java.lang.AssertionError -->
          <reporter-output>
          </reporter-output>
        </test-method> <!-- runScenario -->
        <test-method signature="runScenario(io.cucumber.testng.PickleWrapper, io.cucumber.testng.FeatureWrapper)[pri:0, instance:com.automation.tests.CucumberRunnerTests@131276c2]" started-at="2025-07-29T00:59:48Z" name="runScenario" description="Runs Cucumber Scenarios" data-provider="scenarios" finished-at="2025-07-29T00:59:49Z" duration-ms="559" status="FAIL">
          <params>
            <param index="0">
              <value>
                <![CDATA["Library card phone validation"]]>
              </value>
            </param>
            <param index="1">
              <value>
                <![CDATA["Get a Library Card"]]>
              </value>
            </param>
          </params>
          <exception class="java.lang.AssertionError">
            <full-stacktrace>
              <![CDATA[java.lang.AssertionError: 
	at org.testng.AssertJUnit.fail(AssertJUnit.java:59)
	at org.testng.AssertJUnit.assertTrue(AssertJUnit.java:24)
	at org.testng.AssertJUnit.assertTrue(AssertJUnit.java:33)
	at com.automation.definitions.LibraryCardTest.phoneErrorMessageIsDisplayed(LibraryCardTest.java:128)
	at ✽.Phone error message is displayed(file:///C:/javaprojects/Tekstac-hands-on/Library-Management-Project/src/test/java/com/automation/features/LibraryCard.feature:53)
]]>
            </full-stacktrace>
          </exception> <!-- java.lang.AssertionError -->
          <reporter-output>
          </reporter-output>
        </test-method> <!-- runScenario -->
        <test-method signature="runScenario(io.cucumber.testng.PickleWrapper, io.cucumber.testng.FeatureWrapper)[pri:0, instance:com.automation.tests.CucumberRunnerTests@131276c2]" started-at="2025-07-29T00:59:49Z" name="runScenario" description="Runs Cucumber Scenarios" data-provider="scenarios" finished-at="2025-07-29T00:59:49Z" duration-ms="498" status="PASS">
          <params>
            <param index="0">
              <value>
                <![CDATA["Library card work validation"]]>
              </value>
            </param>
            <param index="1">
              <value>
                <![CDATA["Get a Library Card"]]>
              </value>
            </param>
          </params>
          <reporter-output>
          </reporter-output>
        </test-method> <!-- runScenario -->
        <test-method signature="runScenario(io.cucumber.testng.PickleWrapper, io.cucumber.testng.FeatureWrapper)[pri:0, instance:com.automation.tests.CucumberRunnerTests@131276c2]" started-at="2025-07-29T00:59:49Z" name="runScenario" description="Runs Cucumber Scenarios" data-provider="scenarios" finished-at="2025-07-29T00:59:50Z" duration-ms="1386" status="PASS">
          <params>
            <param index="0">
              <value>
                <![CDATA["Library card card action validation"]]>
              </value>
            </param>
            <param index="1">
              <value>
                <![CDATA["Get a Library Card"]]>
              </value>
            </param>
          </params>
          <reporter-output>
          </reporter-output>
        </test-method> <!-- runScenario -->
        <test-method signature="runScenario(io.cucumber.testng.PickleWrapper, io.cucumber.testng.FeatureWrapper)[pri:0, instance:com.automation.tests.CucumberRunnerTests@131276c2]" started-at="2025-07-29T00:59:50Z" name="runScenario" description="Runs Cucumber Scenarios" data-provider="scenarios" finished-at="2025-07-29T00:59:50Z" duration-ms="1" status="PASS">
          <params>
            <param index="0">
              <value>
                <![CDATA["# Enter scenario name here"]]>
              </value>
            </param>
            <param index="1">
              <value>
                <![CDATA["# Enter feature name here"]]>
              </value>
            </param>
          </params>
          <reporter-output>
          </reporter-output>
        </test-method> <!-- runScenario -->
        <test-method signature="runScenario(io.cucumber.testng.PickleWrapper, io.cucumber.testng.FeatureWrapper)[pri:0, instance:com.automation.tests.CucumberRunnerTests@131276c2]" started-at="2025-07-29T00:59:50Z" name="runScenario" description="Runs Cucumber Scenarios" data-provider="scenarios" finished-at="2025-07-29T00:59:50Z" duration-ms="1" status="PASS">
          <params>
            <param index="0">
              <value>
                <![CDATA["# Enter scenario name here"]]>
              </value>
            </param>
            <param index="1">
              <value>
                <![CDATA["# Enter feature name here"]]>
              </value>
            </param>
          </params>
          <reporter-output>
          </reporter-output>
        </test-method> <!-- runScenario -->
        <test-method is-config="true" signature="tearDownClass()[pri:0, instance:com.automation.tests.CucumberRunnerTests@131276c2]" started-at="2025-07-29T00:59:50Z" name="tearDownClass" finished-at="2025-07-29T00:59:50Z" duration-ms="19" status="PASS">
          <reporter-output>
          </reporter-output>
        </test-method> <!-- tearDownClass -->
      </class> <!-- com.automation.tests.CucumberRunnerTests -->
    </test> <!-- Test -->
  </suite> <!-- Suite -->
</testng-results>
